2026-04-21T08:03:02+00:00 {"final_uri":"\/blogs","SCRIPT_NAME":"\/index.php","PATH_INFO":"\/blogs","QUERY_STRING":"category=technology","REQUEST_URI":"\/blogs?category=technology"}
2026-04-21T08:03:03+00:00 {"final_uri":"\/","SCRIPT_NAME":"\/index.php","PATH_INFO":null,"QUERY_STRING":null,"REQUEST_URI":"\/"}
2026-04-21T08:03:04+00:00 {"final_uri":"\/blogs","SCRIPT_NAME":"\/index.php","PATH_INFO":"\/blogs","QUERY_STRING":null,"REQUEST_URI":"\/blogs"}
2026-04-21T08:03:05+00:00 {"final_uri":"\/blogs","SCRIPT_NAME":"\/index.php","PATH_INFO":"\/blogs","QUERY_STRING":"category=technology","REQUEST_URI":"\/blogs?category=technology"}
2026-04-21T08:03:06+00:00 {"final_uri":"\/blogs","SCRIPT_NAME":"\/index.php","PATH_INFO":"\/blogs","QUERY_STRING":null,"REQUEST_URI":"\/blogs"}
2026-04-21T08:03:07+00:00 {"final_uri":"\/","SCRIPT_NAME":"\/index.php","PATH_INFO":null,"QUERY_STRING":null,"REQUEST_URI":"\/"}
2026-04-21T08:03:08+00:00 {"final_uri":"\/","SCRIPT_NAME":"\/index.php","PATH_INFO":null,"QUERY_STRING":null,"REQUEST_URI":"\/"}
2026-04-21T08:03:10+00:00 {"final_uri":"\/blogs","SCRIPT_NAME":"\/index.php","PATH_INFO":"\/blogs","QUERY_STRING":"category=technology","REQUEST_URI":"\/blogs?category=technology"}
2026-04-21T08:03:12+00:00 {"final_uri":"\/dashboard\/comments","SCRIPT_NAME":"\/index.php","PATH_INFO":"\/dashboard\/comments","QUERY_STRING":null,"REQUEST_URI":"\/dashboard\/comments"}
2026-04-21T08:03:15+00:00 {"final_uri":"\/blogs\/four-layer-architecture-pattern","SCRIPT_NAME":"\/index.php","PATH_INFO":"\/blogs\/four-layer-architecture-pattern","QUERY_STRING":null,"REQUEST_URI":"\/blogs\/four-layer-architecture-pattern"}
2026-04-21T08:03:19+00:00 {"final_uri":"\/dashboard\/comments","SCRIPT_NAME":"\/index.php","PATH_INFO":"\/dashboard\/comments","QUERY_STRING":null,"REQUEST_URI":"\/dashboard\/comments"}
2026-04-21T08:03:22+00:00 {"final_uri":"\/dashboard\/comments","SCRIPT_NAME":"\/index.php","PATH_INFO":"\/dashboard\/comments","QUERY_STRING":null,"REQUEST_URI":"\/dashboard\/comments"}
2026-04-21T08:03:28+00:00 {"final_uri":"\/dashboard\/comments","SCRIPT_NAME":"\/index.php","PATH_INFO":"\/dashboard\/comments","QUERY_STRING":null,"REQUEST_URI":"\/dashboard\/comments"}
2026-04-21T08:03:30+00:00 {"final_uri":"\/dashboard\/comments","SCRIPT_NAME":"\/index.php","PATH_INFO":"\/dashboard\/comments","QUERY_STRING":null,"REQUEST_URI":"\/dashboard\/comments"}
2026-04-21T08:03:31+00:00 {"final_uri":"\/dashboard\/comments","SCRIPT_NAME":"\/index.php","PATH_INFO":"\/dashboard\/comments","QUERY_STRING":null,"REQUEST_URI":"\/dashboard\/comments"}
2026-04-21T08:03:36+00:00 {"final_uri":"\/dashboard\/comments","SCRIPT_NAME":"\/index.php","PATH_INFO":"\/dashboard\/comments","QUERY_STRING":null,"REQUEST_URI":"\/dashboard\/comments"}
2026-04-21T08:03:37+00:00 {"final_uri":"\/dashboard\/comments","SCRIPT_NAME":"\/index.php","PATH_INFO":"\/dashboard\/comments","QUERY_STRING":null,"REQUEST_URI":"\/dashboard\/comments"}
2026-04-21T08:03:50+00:00 {"final_uri":"\/blogs","SCRIPT_NAME":"\/index.php","PATH_INFO":"\/blogs","QUERY_STRING":"category=technology","REQUEST_URI":"\/blogs?category=technology"}
2026-04-21T08:03:56+00:00 {"final_uri":"\/","SCRIPT_NAME":"\/index.php","PATH_INFO":null,"QUERY_STRING":null,"REQUEST_URI":"\/"}
2026-04-21T08:04:00+00:00 {"final_uri":"\/blogs","SCRIPT_NAME":"\/index.php","PATH_INFO":"\/blogs","QUERY_STRING":"category=technology","REQUEST_URI":"\/blogs?category=technology"}
2026-04-21T08:04:02+00:00 {"final_uri":"\/","SCRIPT_NAME":"\/index.php","PATH_INFO":null,"QUERY_STRING":null,"REQUEST_URI":"\/"}
2026-04-21T08:04:05+00:00 {"final_uri":"\/blogs\/four-layer-architecture-pattern","SCRIPT_NAME":"\/index.php","PATH_INFO":"\/blogs\/four-layer-architecture-pattern","QUERY_STRING":null,"REQUEST_URI":"\/blogs\/four-layer-architecture-pattern"}
2026-04-21T08:04:09+00:00 {"final_uri":"\/dashboard\/comments","SCRIPT_NAME":"\/index.php","PATH_INFO":"\/dashboard\/comments","QUERY_STRING":null,"REQUEST_URI":"\/dashboard\/comments"}
2026-04-21T08:04:10+00:00 {"final_uri":"\/dashboard\/comments","SCRIPT_NAME":"\/index.php","PATH_INFO":"\/dashboard\/comments","QUERY_STRING":null,"REQUEST_URI":"\/dashboard\/comments"}
2026-04-21T08:04:13+00:00 {"final_uri":"\/dashboard\/comments","SCRIPT_NAME":"\/index.php","PATH_INFO":"\/dashboard\/comments","QUERY_STRING":null,"REQUEST_URI":"\/dashboard\/comments"}
2026-04-21T08:04:14+00:00 {"final_uri":"\/dashboard\/comments","SCRIPT_NAME":"\/index.php","PATH_INFO":"\/dashboard\/comments","QUERY_STRING":null,"REQUEST_URI":"\/dashboard\/comments"}
2026-04-21T08:04:42+00:00 {"final_uri":"\/dashboard\/comments","SCRIPT_NAME":"\/index.php","PATH_INFO":"\/dashboard\/comments","QUERY_STRING":null,"REQUEST_URI":"\/dashboard\/comments"}
2026-04-21T08:04:44+00:00 {"final_uri":"\/dashboard\/comments","SCRIPT_NAME":"\/index.php","PATH_INFO":"\/dashboard\/comments","QUERY_STRING":null,"REQUEST_URI":"\/dashboard\/comments"}
2026-04-21T08:04:44+00:00 {"final_uri":"\/dashboard\/comments","SCRIPT_NAME":"\/index.php","PATH_INFO":"\/dashboard\/comments","QUERY_STRING":"saved=status","REQUEST_URI":"\/dashboard\/comments?saved=status"}
2026-04-21T08:04:52+00:00 {"final_uri":"\/blogs\/four-layer-architecture-pattern","SCRIPT_NAME":"\/index.php","PATH_INFO":"\/blogs\/four-layer-architecture-pattern","QUERY_STRING":null,"REQUEST_URI":"\/blogs\/four-layer-architecture-pattern"}
2026-04-21T08:05:03+00:00 {"final_uri":"\/blogs\/four-layer-architecture-pattern","SCRIPT_NAME":"\/index.php","PATH_INFO":"\/blogs\/four-layer-architecture-pattern","QUERY_STRING":null,"REQUEST_URI":"\/blogs\/four-layer-architecture-pattern"}
2026-04-21T08:05:03+00:00 {"final_uri":"\/blogs\/four-layer-architecture-pattern","SCRIPT_NAME":"\/index.php","PATH_INFO":"\/blogs\/four-layer-architecture-pattern","QUERY_STRING":"comment=sent","REQUEST_URI":"\/blogs\/four-layer-architecture-pattern?comment=sent"}
2026-04-21T08:05:06+00:00 {"final_uri":"\/dashboard\/comments","SCRIPT_NAME":"\/index.php","PATH_INFO":"\/dashboard\/comments","QUERY_STRING":"saved=status","REQUEST_URI":"\/dashboard\/comments?saved=status"}
2026-04-21T08:05:10+00:00 {"final_uri":"\/dashboard\/comments","SCRIPT_NAME":"\/index.php","PATH_INFO":"\/dashboard\/comments","QUERY_STRING":null,"REQUEST_URI":"\/dashboard\/comments"}
2026-04-21T08:05:10+00:00 {"final_uri":"\/dashboard\/comments","SCRIPT_NAME":"\/index.php","PATH_INFO":"\/dashboard\/comments","QUERY_STRING":"saved=status","REQUEST_URI":"\/dashboard\/comments?saved=status"}
2026-04-21T08:05:12+00:00 {"final_uri":"\/blogs\/four-layer-architecture-pattern","SCRIPT_NAME":"\/index.php","PATH_INFO":"\/blogs\/four-layer-architecture-pattern","QUERY_STRING":"comment=sent","REQUEST_URI":"\/blogs\/four-layer-architecture-pattern?comment=sent"}
2026-04-21T08:05:20+00:00 {"final_uri":"\/blogs\/four-layer-architecture-pattern","SCRIPT_NAME":"\/index.php","PATH_INFO":"\/blogs\/four-layer-architecture-pattern","QUERY_STRING":null,"REQUEST_URI":"\/blogs\/four-layer-architecture-pattern"}
2026-04-21T08:05:20+00:00 {"final_uri":"\/blogs\/four-layer-architecture-pattern","SCRIPT_NAME":"\/index.php","PATH_INFO":"\/blogs\/four-layer-architecture-pattern","QUERY_STRING":"comment=sent","REQUEST_URI":"\/blogs\/four-layer-architecture-pattern?comment=sent"}
2026-04-21T08:05:22+00:00 {"final_uri":"\/dashboard\/comments","SCRIPT_NAME":"\/index.php","PATH_INFO":"\/dashboard\/comments","QUERY_STRING":"saved=status","REQUEST_URI":"\/dashboard\/comments?saved=status"}
2026-04-21T08:05:24+00:00 {"final_uri":"\/dashboard\/comments","SCRIPT_NAME":"\/index.php","PATH_INFO":"\/dashboard\/comments","QUERY_STRING":null,"REQUEST_URI":"\/dashboard\/comments"}
2026-04-21T08:05:24+00:00 {"final_uri":"\/dashboard\/comments","SCRIPT_NAME":"\/index.php","PATH_INFO":"\/dashboard\/comments","QUERY_STRING":"saved=status","REQUEST_URI":"\/dashboard\/comments?saved=status"}
2026-04-21T08:05:26+00:00 {"final_uri":"\/blogs\/four-layer-architecture-pattern","SCRIPT_NAME":"\/index.php","PATH_INFO":"\/blogs\/four-layer-architecture-pattern","QUERY_STRING":"comment=sent","REQUEST_URI":"\/blogs\/four-layer-architecture-pattern?comment=sent"}
2026-04-21T08:05:30+00:00 {"final_uri":"\/dashboard\/comments","SCRIPT_NAME":"\/index.php","PATH_INFO":"\/dashboard\/comments","QUERY_STRING":null,"REQUEST_URI":"\/dashboard\/comments"}
2026-04-21T08:05:30+00:00 {"final_uri":"\/dashboard\/comments","SCRIPT_NAME":"\/index.php","PATH_INFO":"\/dashboard\/comments","QUERY_STRING":"saved=status","REQUEST_URI":"\/dashboard\/comments?saved=status"}
2026-04-21T08:05:32+00:00 {"final_uri":"\/blogs\/four-layer-architecture-pattern","SCRIPT_NAME":"\/index.php","PATH_INFO":"\/blogs\/four-layer-architecture-pattern","QUERY_STRING":"comment=sent","REQUEST_URI":"\/blogs\/four-layer-architecture-pattern?comment=sent"}
2026-04-21T08:05:37+00:00 {"final_uri":"\/dashboard\/comments","SCRIPT_NAME":"\/index.php","PATH_INFO":"\/dashboard\/comments","QUERY_STRING":null,"REQUEST_URI":"\/dashboard\/comments"}
2026-04-21T08:05:37+00:00 {"final_uri":"\/dashboard\/comments","SCRIPT_NAME":"\/index.php","PATH_INFO":"\/dashboard\/comments","QUERY_STRING":"saved=status","REQUEST_URI":"\/dashboard\/comments?saved=status"}
2026-04-21T08:05:41+00:00 {"final_uri":"\/dashboard\/comments","SCRIPT_NAME":"\/index.php","PATH_INFO":"\/dashboard\/comments","QUERY_STRING":null,"REQUEST_URI":"\/dashboard\/comments"}
2026-04-21T08:05:41+00:00 {"final_uri":"\/dashboard\/comments","SCRIPT_NAME":"\/index.php","PATH_INFO":"\/dashboard\/comments","QUERY_STRING":"saved=status","REQUEST_URI":"\/dashboard\/comments?saved=status"}
2026-04-21T08:05:44+00:00 {"final_uri":"\/dashboard\/comments","SCRIPT_NAME":"\/index.php","PATH_INFO":"\/dashboard\/comments","QUERY_STRING":"saved=status","REQUEST_URI":"\/dashboard\/comments?saved=status"}
2026-04-21T08:05:46+00:00 {"final_uri":"\/blogs\/four-layer-architecture-pattern","SCRIPT_NAME":"\/index.php","PATH_INFO":"\/blogs\/four-layer-architecture-pattern","QUERY_STRING":"comment=sent","REQUEST_URI":"\/blogs\/four-layer-architecture-pattern?comment=sent"}
2026-04-21T08:05:53+00:00 {"final_uri":"\/dashboard\/comments","SCRIPT_NAME":"\/index.php","PATH_INFO":"\/dashboard\/comments","QUERY_STRING":null,"REQUEST_URI":"\/dashboard\/comments"}
2026-04-21T08:05:53+00:00 {"final_uri":"\/dashboard\/comments","SCRIPT_NAME":"\/index.php","PATH_INFO":"\/dashboard\/comments","QUERY_STRING":"saved=status","REQUEST_URI":"\/dashboard\/comments?saved=status"}
2026-04-21T08:05:56+00:00 {"final_uri":"\/blogs\/four-layer-architecture-pattern","SCRIPT_NAME":"\/index.php","PATH_INFO":"\/blogs\/four-layer-architecture-pattern","QUERY_STRING":"comment=sent","REQUEST_URI":"\/blogs\/four-layer-architecture-pattern?comment=sent"}
2026-04-21T08:06:00+00:00 {"final_uri":"\/dashboard\/comments","SCRIPT_NAME":"\/index.php","PATH_INFO":"\/dashboard\/comments","QUERY_STRING":null,"REQUEST_URI":"\/dashboard\/comments"}
2026-04-21T08:06:00+00:00 {"final_uri":"\/dashboard\/comments","SCRIPT_NAME":"\/index.php","PATH_INFO":"\/dashboard\/comments","QUERY_STRING":"saved=status","REQUEST_URI":"\/dashboard\/comments?saved=status"}
2026-04-21T08:06:03+00:00 {"final_uri":"\/blogs\/four-layer-architecture-pattern","SCRIPT_NAME":"\/index.php","PATH_INFO":"\/blogs\/four-layer-architecture-pattern","QUERY_STRING":"comment=sent","REQUEST_URI":"\/blogs\/four-layer-architecture-pattern?comment=sent"}
2026-04-21T08:06:13+00:00 {"final_uri":"\/blogs\/four-layer-architecture-pattern","SCRIPT_NAME":"\/index.php","PATH_INFO":"\/blogs\/four-layer-architecture-pattern","QUERY_STRING":null,"REQUEST_URI":"\/blogs\/four-layer-architecture-pattern"}
2026-04-21T08:06:24+00:00 {"final_uri":"\/dashboard\/comments","SCRIPT_NAME":"\/index.php","PATH_INFO":"\/dashboard\/comments","QUERY_STRING":"q=arch","REQUEST_URI":"\/dashboard\/comments?q=arch"}
2026-04-21T08:06:30+00:00 {"final_uri":"\/dashboard\/comments","SCRIPT_NAME":"\/index.php","PATH_INFO":"\/dashboard\/comments","QUERY_STRING":"q=houla","REQUEST_URI":"\/dashboard\/comments?q=houla"}
2026-04-21T08:06:33+00:00 {"final_uri":"\/dashboard\/comments","SCRIPT_NAME":"\/index.php","PATH_INFO":"\/dashboard\/comments","QUERY_STRING":"q=","REQUEST_URI":"\/dashboard\/comments?q="}
2026-04-21T08:06:35+00:00 {"final_uri":"\/dashboard\/comments","SCRIPT_NAME":"\/index.php","PATH_INFO":"\/dashboard\/comments","QUERY_STRING":"status=pending","REQUEST_URI":"\/dashboard\/comments?status=pending"}
2026-04-21T08:06:36+00:00 {"final_uri":"\/dashboard\/comments","SCRIPT_NAME":"\/index.php","PATH_INFO":"\/dashboard\/comments","QUERY_STRING":"status=approved","REQUEST_URI":"\/dashboard\/comments?status=approved"}
2026-04-21T08:06:37+00:00 {"final_uri":"\/dashboard\/comments","SCRIPT_NAME":"\/index.php","PATH_INFO":"\/dashboard\/comments","QUERY_STRING":"status=spam","REQUEST_URI":"\/dashboard\/comments?status=spam"}
2026-04-21T08:06:38+00:00 {"final_uri":"\/dashboard\/comments","SCRIPT_NAME":"\/index.php","PATH_INFO":"\/dashboard\/comments","QUERY_STRING":"status=rejected","REQUEST_URI":"\/dashboard\/comments?status=rejected"}
2026-04-21T08:06:39+00:00 {"final_uri":"\/dashboard\/comments","SCRIPT_NAME":"\/index.php","PATH_INFO":"\/dashboard\/comments","QUERY_STRING":null,"REQUEST_URI":"\/dashboard\/comments"}
2026-04-21T08:06:40+00:00 {"final_uri":"\/blogs\/four-layer-architecture-pattern","SCRIPT_NAME":"\/index.php","PATH_INFO":"\/blogs\/four-layer-architecture-pattern","QUERY_STRING":null,"REQUEST_URI":"\/blogs\/four-layer-architecture-pattern"}
2026-04-21T08:06:42+00:00 {"final_uri":"\/dashboard\/comments","SCRIPT_NAME":"\/index.php","PATH_INFO":"\/dashboard\/comments","QUERY_STRING":"status=pending","REQUEST_URI":"\/dashboard\/comments?status=pending"}
2026-04-21T08:06:44+00:00 {"final_uri":"\/dashboard\/comments","SCRIPT_NAME":"\/index.php","PATH_INFO":"\/dashboard\/comments","QUERY_STRING":null,"REQUEST_URI":"\/dashboard\/comments"}
2026-04-21T08:06:47+00:00 {"final_uri":"\/blogs\/four-layer-architecture-pattern","SCRIPT_NAME":"\/index.php","PATH_INFO":"\/blogs\/four-layer-architecture-pattern","QUERY_STRING":"comment=sent","REQUEST_URI":"\/blogs\/four-layer-architecture-pattern?comment=sent"}
2026-04-21T08:07:19+00:00 {"final_uri":"\/","SCRIPT_NAME":"\/index.php","PATH_INFO":null,"QUERY_STRING":null,"REQUEST_URI":"\/"}
2026-04-21T08:07:20+00:00 {"final_uri":"\/","SCRIPT_NAME":"\/index.php","PATH_INFO":null,"QUERY_STRING":null,"REQUEST_URI":"\/"}
2026-04-21T08:07:23+00:00 {"final_uri":"\/blogs","SCRIPT_NAME":"\/index.php","PATH_INFO":"\/blogs","QUERY_STRING":"category=technology","REQUEST_URI":"\/blogs?category=technology"}
2026-04-21T08:07:24+00:00 {"final_uri":"\/","SCRIPT_NAME":"\/index.php","PATH_INFO":null,"QUERY_STRING":null,"REQUEST_URI":"\/"}
2026-04-21T08:07:33+00:00 {"final_uri":"\/dashboard\/users","SCRIPT_NAME":"\/index.php","PATH_INFO":"\/dashboard\/users","QUERY_STRING":null,"REQUEST_URI":"\/dashboard\/users"}
2026-04-21T08:07:37+00:00 {"final_uri":"\/dashboard\/settings","SCRIPT_NAME":"\/index.php","PATH_INFO":"\/dashboard\/settings","QUERY_STRING":null,"REQUEST_URI":"\/dashboard\/settings"}
2026-04-21T08:07:38+00:00 {"final_uri":"\/dashboard\/users","SCRIPT_NAME":"\/index.php","PATH_INFO":"\/dashboard\/users","QUERY_STRING":null,"REQUEST_URI":"\/dashboard\/users"}
2026-04-21T08:07:42+00:00 {"final_uri":"\/blogs","SCRIPT_NAME":"\/index.php","PATH_INFO":"\/blogs","QUERY_STRING":null,"REQUEST_URI":"\/blogs"}
2026-04-21T08:07:42+00:00 {"final_uri":"\/blogs","SCRIPT_NAME":"\/index.php","PATH_INFO":"\/blogs","QUERY_STRING":null,"REQUEST_URI":"\/blogs"}
2026-04-21T08:08:03+00:00 {"final_uri":"\/dashboard","SCRIPT_NAME":"\/index.php","PATH_INFO":"\/dashboard","QUERY_STRING":null,"REQUEST_URI":"\/dashboard"}
2026-04-21T08:55:39+00:00 {"final_uri":"\/dashboard","SCRIPT_NAME":"\/index.php","PATH_INFO":"\/dashboard","QUERY_STRING":null,"REQUEST_URI":"\/dashboard"}
2026-04-21T08:56:56+00:00 {"final_uri":"\/dashboard","SCRIPT_NAME":"\/index.php","PATH_INFO":"\/dashboard","QUERY_STRING":null,"REQUEST_URI":"\/dashboard"}
2026-04-21T08:57:19+00:00 {"final_uri":"\/dashboard","SCRIPT_NAME":"\/index.php","PATH_INFO":"\/dashboard","QUERY_STRING":null,"REQUEST_URI":"\/dashboard"}
2026-04-21T08:57:29+00:00 {"final_uri":"\/dashboard","SCRIPT_NAME":"\/index.php","PATH_INFO":"\/dashboard","QUERY_STRING":null,"REQUEST_URI":"\/dashboard"}
2026-04-21T08:57:35+00:00 {"final_uri":"\/dashboard\/users","SCRIPT_NAME":"\/index.php","PATH_INFO":"\/dashboard\/users","QUERY_STRING":null,"REQUEST_URI":"\/dashboard\/users"}
2026-04-21T08:58:04+00:00 {"final_uri":"\/","SCRIPT_NAME":"\/index.php","PATH_INFO":null,"QUERY_STRING":null,"REQUEST_URI":"\/"}
2026-04-21T08:58:05+00:00 {"final_uri":"\/blogs","SCRIPT_NAME":"\/index.php","PATH_INFO":"\/blogs","QUERY_STRING":"category=technology","REQUEST_URI":"\/blogs?category=technology"}
2026-04-21T08:58:08+00:00 {"final_uri":"\/blogs\/four-layer-architecture-pattern","SCRIPT_NAME":"\/index.php","PATH_INFO":"\/blogs\/four-layer-architecture-pattern","QUERY_STRING":"comment=sent","REQUEST_URI":"\/blogs\/four-layer-architecture-pattern?comment=sent"}
2026-04-21T08:58:10+00:00 {"final_uri":"\/","SCRIPT_NAME":"\/index.php","PATH_INFO":null,"QUERY_STRING":null,"REQUEST_URI":"\/"}
2026-04-21T08:58:40+00:00 {"final_uri":"\/dashboard","SCRIPT_NAME":"\/index.php","PATH_INFO":"\/dashboard","QUERY_STRING":null,"REQUEST_URI":"\/dashboard"}
2026-04-21T08:58:43+00:00 {"final_uri":"\/dashboard","SCRIPT_NAME":"\/index.php","PATH_INFO":"\/dashboard","QUERY_STRING":null,"REQUEST_URI":"\/dashboard"}
2026-04-21T09:01:21+00:00 {"final_uri":"\/","SCRIPT_NAME":"\/index.php","PATH_INFO":null,"QUERY_STRING":null,"REQUEST_URI":"\/"}
2026-04-21T09:01:23+00:00 {"final_uri":"\/blogs","SCRIPT_NAME":"\/index.php","PATH_INFO":"\/blogs","QUERY_STRING":"category=technology","REQUEST_URI":"\/blogs?category=technology"}
2026-04-21T09:01:28+00:00 {"final_uri":"\/dashboard","SCRIPT_NAME":"\/index.php","PATH_INFO":"\/dashboard","QUERY_STRING":null,"REQUEST_URI":"\/dashboard"}
2026-04-21T09:02:37+00:00 {"final_uri":"\/dashboard","SCRIPT_NAME":"\/index.php","PATH_INFO":"\/dashboard","QUERY_STRING":null,"REQUEST_URI":"\/dashboard"}
2026-04-21T09:02:48+00:00 {"final_uri":"\/dashboard","SCRIPT_NAME":"\/index.php","PATH_INFO":"\/dashboard","QUERY_STRING":null,"REQUEST_URI":"\/dashboard"}
2026-04-21T09:02:58+00:00 {"final_uri":"\/dashboard\/users","SCRIPT_NAME":"\/index.php","PATH_INFO":"\/dashboard\/users","QUERY_STRING":null,"REQUEST_URI":"\/dashboard\/users"}
2026-04-21T09:03:00+00:00 {"final_uri":"\/dashboard","SCRIPT_NAME":"\/index.php","PATH_INFO":"\/dashboard","QUERY_STRING":null,"REQUEST_URI":"\/dashboard"}
2026-04-21T09:04:18+00:00 {"final_uri":"\/dashboard","SCRIPT_NAME":"\/index.php","PATH_INFO":"\/dashboard","QUERY_STRING":null,"REQUEST_URI":"\/dashboard"}
2026-04-21T09:04:32+00:00 {"final_uri":"\/dashboard","SCRIPT_NAME":"\/index.php","PATH_INFO":"\/dashboard","QUERY_STRING":null,"REQUEST_URI":"\/dashboard"}
2026-04-21T09:05:02+00:00 {"final_uri":"\/dashboard","SCRIPT_NAME":"\/index.php","PATH_INFO":"\/dashboard","QUERY_STRING":null,"REQUEST_URI":"\/dashboard"}
2026-04-21T09:05:55+00:00 {"final_uri":"\/dashboard","SCRIPT_NAME":"\/index.php","PATH_INFO":"\/dashboard","QUERY_STRING":null,"REQUEST_URI":"\/dashboard"}
2026-04-21T09:06:13+00:00 {"final_uri":"\/dashboard","SCRIPT_NAME":"\/index.php","PATH_INFO":"\/dashboard","QUERY_STRING":null,"REQUEST_URI":"\/dashboard"}
2026-04-21T09:06:14+00:00 {"final_uri":"\/dashboard","SCRIPT_NAME":"\/index.php","PATH_INFO":"\/dashboard","QUERY_STRING":null,"REQUEST_URI":"\/dashboard"}
2026-04-21T09:06:14+00:00 {"final_uri":"\/dashboard","SCRIPT_NAME":"\/index.php","PATH_INFO":"\/dashboard","QUERY_STRING":null,"REQUEST_URI":"\/dashboard"}
